{"name": "test_add_member", "status": "broken", "statusDetails": {"message": "selenium.common.exceptions.TimeoutException: Message:", "trace": "self = <testcase.test_contact.TestContact object at 0x0000021A0942CEB8>, home_ini = <page.home_page.HomePage object at 0x0000021A09490898>\n\n    @allure.story('测试添加成员功能')\n    def test_add_member(self, home_ini):\n        \"\"\"\n        测试添加成员\n        :param home_ini: conftest,初始化home页\n        :return:\n        \"\"\"\n        name = f'aaa_{t}'\n        account = f'aaa_{t}'\n        phone = f'1300000{t}'\n    \n        with allure.step('进入通讯录页面'):\n>           contact_page = home_ini.goto_contact_page()\n\ntestcase\\test_contact.py:23: \n_ _ _ _ _ _ _ _ _ _ _ _ _ _ _ _ _ _ _ _ _ _ _ _ _ _ _ _ _ _ _ _ _ _ _ _ _ _ _ _ _ _ _ _ _ _ _ _ _ _ _ _ _ _ _ _ _ _ _ _ _ _ _ _ _ _ _ _ _ _ _ _ _ _ _ _ _ _ _ _ _ \npage\\home_page.py:18: in goto_contact_page\n    self.click_action(contact_btn)\npage\\base_page.py:50: in click_action\n    ele = self.find(locator)\npage\\base_page.py:31: in find\n    ele = WebDriverWait(self.driver, 5).until(ec.visibility_of_element_located(locator))\n_ _ _ _ _ _ _ _ _ _ _ _ _ _ _ _ _ _ _ _ _ _ _ _ _ _ _ _ _ _ _ _ _ _ _ _ _ _ _ _ _ _ _ _ _ _ _ _ _ _ _ _ _ _ _ _ _ _ _ _ _ _ _ _ _ _ _ _ _ _ _ _ _ _ _ _ _ _ _ _ _ \n\nself = <selenium.webdriver.support.wait.WebDriverWait (session=\"124d28200d68b107ef1c56f599a53283\")>\nmethod = <selenium.webdriver.support.expected_conditions.visibility_of_element_located object at 0x0000021A0943FAC8>, message = ''\n\n    def until(self, method, message=''):\n        \"\"\"Calls the method provided with the driver as an argument until the \\\n        return value is not False.\"\"\"\n        screen = None\n        stacktrace = None\n    \n        end_time = time.time() + self._timeout\n        while True:\n            try:\n                value = method(self._driver)\n                if value:\n                    return value\n            except self._ignored_exceptions as exc:\n                screen = getattr(exc, 'screen', None)\n                stacktrace = getattr(exc, 'stacktrace', None)\n            time.sleep(self._poll)\n            if time.time() > end_time:\n                break\n>       raise TimeoutException(message, screen, stacktrace)\nE       selenium.common.exceptions.TimeoutException: Message:\n\nd:\\python3.7\\lib\\site-packages\\selenium\\webdriver\\support\\wait.py:80: TimeoutException"}, "description": "\n        测试添加成员\n        :param home_ini: conftest,初始化home页\n        :return:\n        ", "steps": [{"name": "进入通讯录页面", "status": "broken", "statusDetails": {"message": "selenium.common.exceptions.TimeoutException: Message: \n\n", "trace": "  File \"D:\\Scripts\\HogwartsHomework\\webAutoTest\\testcase\\test_contact.py\", line 23, in test_add_member\n    contact_page = home_ini.goto_contact_page()\n  File \"D:\\Scripts\\HogwartsHomework\\webAutoTest\\page\\home_page.py\", line 18, in goto_contact_page\n    self.click_action(contact_btn)\n  File \"D:\\Scripts\\HogwartsHomework\\webAutoTest\\page\\base_page.py\", line 50, in click_action\n    ele = self.find(locator)\n  File \"D:\\Scripts\\HogwartsHomework\\webAutoTest\\page\\base_page.py\", line 31, in find\n    ele = WebDriverWait(self.driver, 5).until(ec.visibility_of_element_located(locator))\n  File \"d:\\python3.7\\lib\\site-packages\\selenium\\webdriver\\support\\wait.py\", line 80, in until\n    raise TimeoutException(message, screen, stacktrace)\n"}, "start": 1614744256595, "stop": 1614744262149}], "start": 1614744256595, "stop": 1614744262150, "uuid": "bcf1ac34-39a1-48fa-ab95-8622f130f0fc", "historyId": "54375297f180f7e0a919848fb2051130", "testCaseId": "1fdba8480b80dd85b80c1361f7781825", "fullName": "testcase.test_contact.TestContact#test_add_member", "labels": [{"name": "story", "value": "测试添加成员功能"}, {"name": "feature", "value": "通讯录模块"}, {"name": "parentSuite", "value": "testcase"}, {"name": "suite", "value": "test_contact"}, {"name": "subSuite", "value": "TestContact"}, {"name": "host", "value": "DESKTOP-RS387SO"}, {"name": "thread", "value": "6956-MainThread"}, {"name": "framework", "value": "pytest"}, {"name": "language", "value": "cpython3"}, {"name": "package", "value": "testcase.test_contact"}]}