{"name": "test_add_dep", "status": "broken", "statusDetails": {"message": "selenium.common.exceptions.TimeoutException: Message:", "trace": "self = <testcase.test_contact.TestContact object at 0x000001DD78A35860>\nhome_ini = <webAutoTest.page.home_page.HomePage object at 0x000001DD78ACC908>\n\n    @allure.story('测试添加部门功能')\n    def test_add_dep(self, home_ini):\n        \"\"\"\n        测试添加部门\n        :param home_ini: conftest,初始化home页\n        :return:\n        \"\"\"\n        dep_name = f'部门{t}'\n    \n        with allure.step('进入通讯录页面'):\n>           contact_page = home_ini.goto_contact_page()\n\ntestcase\\test_contact.py:48: \n_ _ _ _ _ _ _ _ _ _ _ _ _ _ _ _ _ _ _ _ _ _ _ _ _ _ _ _ _ _ _ _ _ _ _ _ _ _ _ _\npage\\home_page.py:17: in goto_contact_page\n    self.click_action(contenter_btn)\npage\\base_page.py:49: in click_action\n    ele = self.find(locator)\npage\\base_page.py:30: in find\n    ele = WebDriverWait(self.driver, 5).until(ec.visibility_of_element_located(locator))\n_ _ _ _ _ _ _ _ _ _ _ _ _ _ _ _ _ _ _ _ _ _ _ _ _ _ _ _ _ _ _ _ _ _ _ _ _ _ _ _\n\nself = <selenium.webdriver.support.wait.WebDriverWait (session=\"475d0f09d66404bffa1d4ce885ab3a9c\")>\nmethod = <selenium.webdriver.support.expected_conditions.visibility_of_element_located object at 0x000001DD78ACCBA8>\nmessage = ''\n\n    def until(self, method, message=''):\n        \"\"\"Calls the method provided with the driver as an argument until the \\\n        return value is not False.\"\"\"\n        screen = None\n        stacktrace = None\n    \n        end_time = time.time() + self._timeout\n        while True:\n            try:\n                value = method(self._driver)\n                if value:\n                    return value\n            except self._ignored_exceptions as exc:\n                screen = getattr(exc, 'screen', None)\n                stacktrace = getattr(exc, 'stacktrace', None)\n            time.sleep(self._poll)\n            if time.time() > end_time:\n                break\n>       raise TimeoutException(message, screen, stacktrace)\nE       selenium.common.exceptions.TimeoutException: Message:\n\nd:\\python3.7\\lib\\site-packages\\selenium\\webdriver\\support\\wait.py:80: TimeoutException"}, "description": "\n        测试添加部门\n        :param home_ini: conftest,初始化home页\n        :return:\n        ", "steps": [{"name": "进入通讯录页面", "status": "broken", "statusDetails": {"message": "selenium.common.exceptions.TimeoutException: Message: \n\n", "trace": "  File \"D:\\Scripts\\HogwartsHomework\\webAutoTest\\testcase\\test_contact.py\", line 48, in test_add_dep\n    contact_page = home_ini.goto_contact_page()\n  File \"D:\\Scripts\\HogwartsHomework\\webAutoTest\\page\\home_page.py\", line 17, in goto_contact_page\n    self.click_action(contenter_btn)\n  File \"D:\\Scripts\\HogwartsHomework\\webAutoTest\\page\\base_page.py\", line 49, in click_action\n    ele = self.find(locator)\n  File \"D:\\Scripts\\HogwartsHomework\\webAutoTest\\page\\base_page.py\", line 30, in find\n    ele = WebDriverWait(self.driver, 5).until(ec.visibility_of_element_located(locator))\n  File \"d:\\python3.7\\lib\\site-packages\\selenium\\webdriver\\support\\wait.py\", line 80, in until\n    raise TimeoutException(message, screen, stacktrace)\n"}, "start": 1614736357575, "stop": 1614736363138}], "start": 1614736357575, "stop": 1614736363138, "uuid": "773faa30-e599-4538-8b72-bd940226f325", "historyId": "fcca507de69f403ec6cee9495922ba77", "testCaseId": "2e25e56251477d33a8ebe9eeeddff047", "fullName": "testcase.test_contact.TestContact#test_add_dep", "labels": [{"name": "story", "value": "测试添加部门功能"}, {"name": "feature", "value": "通讯录模块"}, {"name": "parentSuite", "value": "testcase"}, {"name": "suite", "value": "test_contact"}, {"name": "subSuite", "value": "TestContact"}, {"name": "host", "value": "DESKTOP-RS387SO"}, {"name": "thread", "value": "15632-MainThread"}, {"name": "framework", "value": "pytest"}, {"name": "language", "value": "cpython3"}, {"name": "package", "value": "testcase.test_contact"}]}