{"name": "test_add_dep", "status": "broken", "statusDetails": {"message": "selenium.common.exceptions.TimeoutException: Message:", "trace": "self = <testcase.test_contact.TestContact object at 0x0000021A0945D828>, home_ini = <page.home_page.HomePage object at 0x0000021A095224E0>\n\n    @allure.story('测试添加部门功能')\n    def test_add_dep(self, home_ini):\n        \"\"\"\n        测试添加部门\n        :param home_ini: conftest,初始化home页\n        :return:\n        \"\"\"\n        dep_name = f'部门{t}'\n    \n        with allure.step('进入通讯录页面'):\n            contact_page = home_ini.goto_contact_page()\n    \n        with allure.step('添加部门操作'):\n>           contact_page.add_department(dep_name)\n\ntestcase\\test_contact.py:51: \n_ _ _ _ _ _ _ _ _ _ _ _ _ _ _ _ _ _ _ _ _ _ _ _ _ _ _ _ _ _ _ _ _ _ _ _ _ _ _ _ _ _ _ _ _ _ _ _ _ _ _ _ _ _ _ _ _ _ _ _ _ _ _ _ _ _ _ _ _ _ _ _ _ _ _ _ _ _ _ _ _ \npage\\contact_page.py:62: in add_department\n    self.click_action(add_btn)\npage\\base_page.py:50: in click_action\n    ele = self.find(locator)\npage\\base_page.py:31: in find\n    ele = WebDriverWait(self.driver, 5).until(ec.visibility_of_element_located(locator))\n_ _ _ _ _ _ _ _ _ _ _ _ _ _ _ _ _ _ _ _ _ _ _ _ _ _ _ _ _ _ _ _ _ _ _ _ _ _ _ _ _ _ _ _ _ _ _ _ _ _ _ _ _ _ _ _ _ _ _ _ _ _ _ _ _ _ _ _ _ _ _ _ _ _ _ _ _ _ _ _ _ \n\nself = <selenium.webdriver.support.wait.WebDriverWait (session=\"6f35f8dd3511845fc78c5534e0b9e88f\")>\nmethod = <selenium.webdriver.support.expected_conditions.visibility_of_element_located object at 0x0000021A09522080>, message = ''\n\n    def until(self, method, message=''):\n        \"\"\"Calls the method provided with the driver as an argument until the \\\n        return value is not False.\"\"\"\n        screen = None\n        stacktrace = None\n    \n        end_time = time.time() + self._timeout\n        while True:\n            try:\n                value = method(self._driver)\n                if value:\n                    return value\n            except self._ignored_exceptions as exc:\n                screen = getattr(exc, 'screen', None)\n                stacktrace = getattr(exc, 'stacktrace', None)\n            time.sleep(self._poll)\n            if time.time() > end_time:\n                break\n>       raise TimeoutException(message, screen, stacktrace)\nE       selenium.common.exceptions.TimeoutException: Message:\n\nd:\\python3.7\\lib\\site-packages\\selenium\\webdriver\\support\\wait.py:80: TimeoutException"}, "description": "\n        测试添加部门\n        :param home_ini: conftest,初始化home页\n        :return:\n        ", "steps": [{"name": "进入通讯录页面", "status": "passed", "start": 1614744263699, "stop": 1614744264436}, {"name": "添加部门操作", "status": "broken", "statusDetails": {"message": "selenium.common.exceptions.TimeoutException: Message: \n\n", "trace": "  File \"D:\\Scripts\\HogwartsHomework\\webAutoTest\\testcase\\test_contact.py\", line 51, in test_add_dep\n    contact_page.add_department(dep_name)\n  File \"D:\\Scripts\\HogwartsHomework\\webAutoTest\\page\\contact_page.py\", line 62, in add_department\n    self.click_action(add_btn)\n  File \"D:\\Scripts\\HogwartsHomework\\webAutoTest\\page\\base_page.py\", line 50, in click_action\n    ele = self.find(locator)\n  File \"D:\\Scripts\\HogwartsHomework\\webAutoTest\\page\\base_page.py\", line 31, in find\n    ele = WebDriverWait(self.driver, 5).until(ec.visibility_of_element_located(locator))\n  File \"d:\\python3.7\\lib\\site-packages\\selenium\\webdriver\\support\\wait.py\", line 80, in until\n    raise TimeoutException(message, screen, stacktrace)\n"}, "start": 1614744264436, "stop": 1614744269984}], "start": 1614744263698, "stop": 1614744269984, "uuid": "ca61d324-a637-48ff-9eee-5154654309e6", "historyId": "fcca507de69f403ec6cee9495922ba77", "testCaseId": "2e25e56251477d33a8ebe9eeeddff047", "fullName": "testcase.test_contact.TestContact#test_add_dep", "labels": [{"name": "feature", "value": "通讯录模块"}, {"name": "story", "value": "测试添加部门功能"}, {"name": "parentSuite", "value": "testcase"}, {"name": "suite", "value": "test_contact"}, {"name": "subSuite", "value": "TestContact"}, {"name": "host", "value": "DESKTOP-RS387SO"}, {"name": "thread", "value": "6956-MainThread"}, {"name": "framework", "value": "pytest"}, {"name": "language", "value": "cpython3"}, {"name": "package", "value": "testcase.test_contact"}]}